Content-Type: text/html; charset="utf-8"
MIME-Version: 1.0
Content-Transfer-Encoding: 8bit
Subject: =?utf-8?b?0JfQsNC60LDQtyDQvdCwINGB0LDQudGC0LUgd3d3LmthcnVzLnJ1?=
From: 2233@mail.ru
To: 2233@mail.ru
Date: Thu, 09 Feb 2017 05:55:29 -0000
Message-ID: <20170209055529.14093.91580@archisf-LENOVO-G780>


<h1>Заказ номер: 47</h1>
<p><strong>Покупатель:</strong></p>
<p>Ф.И.О.: Аркадий Аристов<br /> Компания: ЗАО &quot;ИНСИСТРОЙ&quot;<br /> Email: arkadyaristov@gmail.com<br /> Телефон: 9193485555</p>
<p><strong>Даты размещения:</strong></p>
<p>Дата начала размещения: 9 февраля 2017 г.<br /> Дата окончания размещения: 28 февраля 2017 г.</p>
<p><strong>Список паспортов:</strong></p>

<p>Паспорт: Челябинск, 1 - й Пятилетки ул. - ул. Артиллерийская<br /> Коэф. GRP: 2.98<br /> Кол-во: 1</p>

<p>Паспорт: Чебаркуль, 1 Мая ул. - ул. Мира<br /> Коэф. GRP: н/д<br /> Кол-во: 1</p>

<p>Паспорт: Чебаркуль, 1 Мая ул. - ул. Мира<br /> Коэф. GRP: н/д<br /> Кол-во: 1</p>

<p>Паспорт: Челябинск, 1 - й Пятилетки ул., 55, 100 м до ул. Артиллерийской<br /> Коэф. GRP: 1,47<br /> Кол-во: 1</p>

<p><a href="http://karus.simplemedia.ru/admin/order/order/47/"><strong>Ссылка на заказ №47</strong></a></p>
-------------------------------------------------------------------------------
