Content-Type: text/html; charset="utf-8"
MIME-Version: 1.0
Content-Transfer-Encoding: 8bit
Subject: =?utf-8?b?0JfQsNC60LDQtyDQvdCwINGB0LDQudGC0LUgd3d3LmthcnVzLnJ1?=
From: 2233@mail.ru
To: arkadyaristov@gmail.com
Date: Tue, 31 Jan 2017 12:15:45 -0000
Message-ID: <20170131121545.23667.44252@archisf-LENOVO-G780>


<h1>Заказ номер: 39</h1>
<p><strong>Покупатель:</strong></p>
<p>Ф.И.О.: Аркадий Аристов<br /> Компания: ЗАО &quot;ИНСИСТРОЙ&quot;<br /> Email: arkadyaristov@gmail.com<br /> Телефон: 9193485555</p>
<p><strong>Даты размещения:</strong></p>
<p>Дата начала размещения: 31 января 2017 г.<br /> Дата окончания размещения: 28 апреля 2017 г.</p>
<p><strong>Список покупок:</strong></p>

<p>Паспорт: Троицк, Крахмалева ул. - ул. Вязовая<br /> GID: TR0001-0006-02<br /> Кол-во: 1</p>

<p>Паспорт: Троицк, Ленина ул., 13, у Торгового Комплекса<br /> GID: TR0001-0026-01<br /> Кол-во: 1</p>

<p>Паспорт: Троицк, Ленина ул., 13, у Торгового Комплекса<br /> GID: TR0001-0026-02<br /> Кол-во: 1</p>

<p>Паспорт: Троицк, Ленина ул., 17, у Торгового Комплекса<br /> GID: TR0001-0007-01<br /> Кол-во: 1</p>

<p>Паспорт: Троицк, Ленина ул., 17, у Торгового Комплекса<br /> GID: TR0001-0007-02<br /> Кол-во: 1</p>

<p>Паспорт: Троицк, Ленина ул., 75, у Главпочтампта<br /> GID: TR0001-0008-01<br /> Кол-во: 1</p>

<p>Паспорт: Троицк, Ленина ул., 75, у Главпочтампта<br /> GID: TR0001-0008-02<br /> Кол-во: 1</p>

<p>Паспорт: Троицк, Неплюева пр., у магазина &quot;Юбилейный&quot;, №1<br /> GID: TR0001-0010-01<br /> Кол-во: 1</p>

<p>Паспорт: Троицк, Неплюева пр., у магазина &quot;Юбилейный&quot;, №1<br /> GID: TR0001-0010-02<br /> Кол-во: 1</p>

<p>Паспорт: Троицк, Неплюева пр., у магазина &quot;Юбилейный&quot;, №2<br /> GID: TR0001-0023-01<br /> Кол-во: 1</p>

-------------------------------------------------------------------------------
