Content-Type: text/html; charset="utf-8"
MIME-Version: 1.0
Content-Transfer-Encoding: 8bit
Subject: =?utf-8?b?0JfQsNC60LDQtyDQvdCwINGB0LDQudGC0LUgd3d3LmthcnVzLnJ1?=
From: 2233@mail.ru
To: 2233@mail.ru
Date: Thu, 02 Feb 2017 17:32:58 -0000
Message-ID: <20170202173258.4298.65094@archisf-LENOVO-G780>


<h1>Заказ номер: 43</h1>
<p><strong>Покупатель:</strong></p>
<p>Ф.И.О.: ARKADIY ARISTOV<br /> <br /> Email: arkadyaristov@gmail.com<br /> Телефон: 9193485555</p>
<p><strong>Даты размещения:</strong></p>
<p>Дата начала размещения: 28 февраля 2017 г.<br /> Дата окончания размещения: 28 февраля 2017 г.</p>
<p><strong>Список паспортов:</strong></p>

<p>Паспорт: Челябинск, 1 - й Пятилетки ул. - ул. Артиллерийская<br /> Коэф. GRP: 2.98<br /> Кол-во: 1</p>

<p>Паспорт: Челябинск, 1 - й Пятилетки ул. - ул. Артиллерийская<br /> Коэф. GRP: 1,73<br /> Кол-во: 1</p>

<p>Паспорт: Челябинск, 1 - й Пятилетки ул., 37, 100 м от ул. Горького<br /> Коэф. GRP: 3,82<br /> Кол-во: 1</p>

<p>Паспорт: Челябинск, 1 - й Пятилетки ул., 37, 100 м от ул. Горького<br /> Коэф. GRP: 1,49<br /> Кол-во: 1</p>

<p><a href="http://karus.simplemedia.ru/admin/order/order/43/"><strong>Ссылка на заказ №43</strong></a></p>
-------------------------------------------------------------------------------
