Content-Type: text/html; charset="utf-8"
MIME-Version: 1.0
Content-Transfer-Encoding: 8bit
Subject: =?utf-8?b?0JfQsNC60LDQtyDQvdCwINGB0LDQudGC0LUgd3d3LmthcnVzLnJ1?=
From: 2233@mail.ru
To: 2233@mail.ru
Date: Tue, 31 Jan 2017 12:09:04 -0000
Message-ID: <20170131120904.23667.31286@archisf-LENOVO-G780>


<h1>Заказ номер: 38</h1>
<p><strong>Покупатель:</strong></p>
<p>Ф.И.О.: Аркадий Аристов<br /> Компания: ЗАО &quot;ИНСИСТРОЙ&quot;<br /> Email: arkadyaristov@gmail.com<br /> Телефон: 9193485555</p>
<p><strong>Даты размещения:</strong></p>
<p>Дата начала размещения: 31 января 2017 г.<br /> Дата окончания размещения: 28 апреля 2017 г.</p>
<p><strong>Список паспортов:</strong></p>

<p>Паспорт: , Крахмалева ул. - ул. Вязовая<br /> Коэф. GRP: н/д<br /> Кол-во: 1</p>

<p>Паспорт: , Ленина ул., 13, у Торгового Комплекса<br /> Коэф. GRP: н/д<br /> Кол-во: 1</p>

<p>Паспорт: , Ленина ул., 13, у Торгового Комплекса<br /> Коэф. GRP: н/д<br /> Кол-во: 1</p>

<p>Паспорт: , Ленина ул., 17, у Торгового Комплекса<br /> Коэф. GRP: н/д<br /> Кол-во: 1</p>

<p>Паспорт: , Ленина ул., 17, у Торгового Комплекса<br /> Коэф. GRP: н/д<br /> Кол-во: 1</p>

<p>Паспорт: , Ленина ул., 75, у Главпочтампта<br /> Коэф. GRP: н/д<br /> Кол-во: 1</p>

<p>Паспорт: , Ленина ул., 75, у Главпочтампта<br /> Коэф. GRP: н/д<br /> Кол-во: 1</p>

<p>Паспорт: , Неплюева пр., у магазина &quot;Юбилейный&quot;, №1<br /> Коэф. GRP: н/д<br /> Кол-во: 1</p>

<p><a href="http://karus.simplemedia.ru/admin/order/order/38/"><strong>Ссылка на заказ №38</strong></a></p>
-------------------------------------------------------------------------------
