Content-Type: text/html; charset="utf-8"
MIME-Version: 1.0
Content-Transfer-Encoding: 8bit
Subject: =?utf-8?b?0JfQsNC60LDQtyDQvdCwINGB0LDQudGC0LUgd3d3LmthcnVzLnJ1?=
From: 2233@mail.ru
To: 2233@mail.ru
Date: Fri, 03 Feb 2017 12:20:59 -0000
Message-ID: <20170203122059.22405.76297@archisf-LENOVO-G780>


<h1>Заказ номер: 46</h1>
<p><strong>Покупатель:</strong></p>
<p>Ф.И.О.: Фёдор Двинятин<br /> Компания: ФФФ<br /> Email: 2233@mail.ru<br /> Телефон: +77777777777</p>
<p><strong>Даты размещения:</strong></p>
<p>Дата начала размещения: 3 февраля 2017 г.<br /> Дата окончания размещения: 28 февраля 2017 г.</p>
<p><strong>Список покупок:</strong></p>

<p>Паспорт: Челябинск, 1 - й Пятилетки ул., 55, 100 м до ул. Артиллерийской<br /> GID: CH0001-0467-02<br /> Кол-во: 1</p>

<p>Паспорт: Челябинск, 1 - й Пятилетки ул., 41<br /> GID: CH0001-0466-02<br /> Кол-во: 1</p>

<p>Паспорт: Челябинск, 1 - й Пятилетки ул., 55, 100 м до ул. Артиллерийской<br /> GID: CH0001-0467-01<br /> Кол-во: 1</p>

<p>Паспорт: Челябинск, 1 - й Пятилетки ул., 37, 100 м от ул. Горького<br /> GID: CH0001-0465-01<br /> Кол-во: 1</p>

<p>Паспорт: Челябинск, 1 - й Пятилетки ул. - ул. Артиллерийская<br /> GID: CH0001-0001-02<br /> Кол-во: 1</p>

<p>Паспорт: Челябинск, 1 - й Пятилетки ул., 37, 100 м от ул. Горького<br /> GID: CH0001-0465-02<br /> Кол-во: 1</p>

<p>Паспорт: Челябинск, 1 - й Пятилетки ул., 41<br /> GID: CH0001-0466-01<br /> Кол-во: 1</p>

-------------------------------------------------------------------------------
