Content-Type: text/html; charset="utf-8"
MIME-Version: 1.0
Content-Transfer-Encoding: 8bit
Subject: =?utf-8?b?0JfQsNC60LDQtyDQvdCwINGB0LDQudGC0LUgd3d3LmthcnVzLnJ1?=
From: 2233@mail.ru
To: arkadyaristov@gmail.com
Date: Tue, 31 Jan 2017 12:06:28 -0000
Message-ID: <20170131120628.23476.26031@archisf-LENOVO-G780>


<h1>Заказ номер: 37</h1>
<p><strong>Покупатель:</strong></p>
<p>Ф.И.О.: Аркадий Аристов<br /> Компания: ЗАО &quot;ИНСИСТРОЙ&quot;<br /> Email: arkadyaristov@gmail.com<br /> Телефон: 9193485555</p>
<p><strong>Даты размещения:</strong></p>
<p>Дата начала размещения: 31 января 2017 г.<br /> Дата окончания размещения: 30 марта 2018 г.</p>
<p><strong>Список покупок:</strong></p>

<p>Паспорт: Воровского ул., 2, площадь Революции (4,9 х 12,0 м.)<br /> GID: CH0006-0001-00<br /> Кол-во: 1</p>

<p>Паспорт: Кирова ул., 7 - ул. Калинина (6,5 х 20 м.)<br /> GID: CH0006-0013-00<br /> Кол-во: 1</p>

<p>Паспорт: Комсомольский пр., 32, торец дома со стороны кинотеатра &quot;Киномакс - Победа&quot; (10 х 20 м.)<br /> GID: CH0006-0003-00<br /> Кол-во: 1</p>

<p>Паспорт: Свердловский пр., 41 (12 х 9 м.)<br /> GID: CH0006-0009-00_<br /> Кол-во: 1</p>

<p>Паспорт: Свободы ул., 90, правая часть фасада (4,6 х 9,8 м.)<br /> GID: CH0006-0008-00<br /> Кол-во: 1</p>

-------------------------------------------------------------------------------
Content-Type: text/html; charset="utf-8"
MIME-Version: 1.0
Content-Transfer-Encoding: 8bit
Subject: =?utf-8?b?0JfQsNC60LDQtyDQvdCwINGB0LDQudGC0LUgd3d3LmthcnVzLnJ1?=
From: 2233@mail.ru
To: 2233@mail.ru
Date: Tue, 31 Jan 2017 12:06:28 -0000
Message-ID: <20170131120628.23476.4682@archisf-LENOVO-G780>


<h1>Заказ номер: 37</h1>
<p><strong>Покупатель:</strong></p>
<p>Ф.И.О.: Аркадий Аристов<br /> Компания: ЗАО &quot;ИНСИСТРОЙ&quot;<br /> Email: arkadyaristov@gmail.com<br /> Телефон: 9193485555</p>
<p><strong>Даты размещения:</strong></p>
<p>Дата начала размещения: 31 января 2017 г.<br /> Дата окончания размещения: 30 марта 2018 г.</p>
<p><strong>Список паспортов:</strong></p>

<p>Паспорт: , Воровского ул., 2, площадь Революции (4,9 х 12,0 м.)<br /> Коэф. GRP: 7<br /> Кол-во: 1</p>

<p>Паспорт: , Кирова ул., 7 - ул. Калинина (6,5 х 20 м.)<br /> Коэф. GRP: 9,83<br /> Кол-во: 1</p>

<p>Паспорт: , Комсомольский пр., 32, торец дома со стороны кинотеатра &quot;Киномакс - Победа&quot; (10 х 20 м.)<br /> Коэф. GRP: 6,59<br /> Кол-во: 1</p>

<p>Паспорт: , Свердловский пр., 41 (12 х 9 м.)<br /> Коэф. GRP: 15,14<br /> Кол-во: 1</p>

<p>Паспорт: , Свободы ул., 90, правая часть фасада (4,6 х 9,8 м.)<br /> Коэф. GRP: 1,91<br /> Кол-во: 1</p>

<p><a href="http://karus.simplemedia.ru/admin/order/order/37/"><strong>Ссылка на заказ №37</strong></a></p>
-------------------------------------------------------------------------------
