Content-Type: text/html; charset="utf-8"
MIME-Version: 1.0
Content-Transfer-Encoding: 8bit
Subject: =?utf-8?b?0JfQsNC60LDQtyDQvdCwINGB0LDQudGC0LUgd3d3LmthcnVzLnJ1?=
From: 2233@mail.ru
To: 2233@mail.ru
Date: Fri, 03 Feb 2017 06:57:07 -0000
Message-ID: <20170203065707.10855.87907@archisf-LENOVO-G780>


<h1>Заказ номер: 45</h1>
<p><strong>Покупатель:</strong></p>
<p>Ф.И.О.: Иванов Иван Иванович<br /> Компания: Иванов Лимитед<br /> Email: 2233@mail.ru<br /> Телефон: +79999999999</p>
<p><strong>Даты размещения:</strong></p>
<p>Дата начала размещения: 3 февраля 2017 г.<br /> Дата окончания размещения: 28 апреля 2017 г.</p>
<p><strong>Список паспортов:</strong></p>

<p>Паспорт: Челябинск, Энгельса ул., 83 - ул. Курчатова<br /> Коэф. GRP: 3,57<br /> Кол-во: 1</p>

<p>Паспорт: Челябинск, 1 - й Пятилетки ул. - ул. Артиллерийская<br /> Коэф. GRP: 2.98<br /> Кол-во: 1</p>

<p>Паспорт: Челябинск, 1 - й Пятилетки ул. - ул. Артиллерийская<br /> Коэф. GRP: 1,73<br /> Кол-во: 1</p>

<p>Паспорт: Челябинск, 1 - й Пятилетки ул., 37, 100 м от ул. Горького<br /> Коэф. GRP: 3,82<br /> Кол-во: 1</p>

<p>Паспорт: Челябинск, 1 - й Пятилетки ул., 37, 100 м от ул. Горького<br /> Коэф. GRP: 1,49<br /> Кол-во: 1</p>

<p>Паспорт: Челябинск, 1 - й Пятилетки ул., 41<br /> Коэф. GRP: 1,56<br /> Кол-во: 1</p>

<p>Паспорт: Челябинск, 1 - й Пятилетки ул., 41<br /> Коэф. GRP: 1,5<br /> Кол-во: 1</p>

<p>Паспорт: Челябинск, 1 - й Пятилетки ул., 55, 100 м до ул. Артиллерийской<br /> Коэф. GRP: 1,54<br /> Кол-во: 1</p>

<p>Паспорт: Челябинск, 1 - й Пятилетки ул., 55, 100 м до ул. Артиллерийской<br /> Коэф. GRP: 1,47<br /> Кол-во: 1</p>

<p>Паспорт: Чебаркуль, 1 Мая ул. - ул. Мира<br /> Коэф. GRP: н/д<br /> Кол-во: 1</p>

<p>Паспорт: Чебаркуль, 1 Мая ул. - ул. Мира<br /> Коэф. GRP: н/д<br /> Кол-во: 1</p>

<p>Паспорт: Златоуст, 2-я Нижнезаводская ул., 57, рынок С-Западный<br /> Коэф. GRP: н/д<br /> Кол-во: 1</p>

<p>Паспорт: Златоуст, 2-я Нижнезаводская ул., 57, рынок С-Западный<br /> Коэф. GRP: н/д<br /> Кол-во: 1</p>

<p>Паспорт: Златоуст, 30 лет Победы пр-т - пр. Гагарина, у автошколы<br /> Коэф. GRP: н/д<br /> Кол-во: 1</p>

<p>Паспорт: Златоуст, 30 лет Победы пр-т - пр. Гагарина, у автошколы<br /> Коэф. GRP: н/д<br /> Кол-во: 1</p>

<p>Паспорт: Златоуст, 30 лет Победы пр-т у Городской Администрации напротив опоры №52<br /> Коэф. GRP: н/д<br /> Кол-во: 1</p>

<p>Паспорт: Златоуст, 30 лет Победы пр-т у Городской Администрации напротив опоры №52<br /> Коэф. GRP: н/д<br /> Кол-во: 1</p>

<p>Паспорт: Златоуст, 30 лет Победы пр-т, в центр слева, 200м до гостиницы Таганай у опоры №3<br /> Коэф. GRP: н/д<br /> Кол-во: 1</p>

<p>Паспорт: Златоуст, 30 лет Победы пр-т, в центр слева, 200м до гостиницы Таганай у опоры №3<br /> Коэф. GRP: н/д<br /> Кол-во: 1</p>

<p>Паспорт: Златоуст, 30 лет Победы пр-т, в центр слева, 300м до гостиницы Таганай у опоры №5<br /> Коэф. GRP: н/д<br /> Кол-во: 1</p>

<p>Паспорт: Златоуст, 30 лет Победы пр-т, в центр слева, 300м до гостиницы Таганай у опоры №5<br /> Коэф. GRP: н/д<br /> Кол-во: 1</p>

<p>Паспорт: Златоуст, 30 лет Победы пр-т, в центр слева, 300м до МЖК у опоры №15<br /> Коэф. GRP: н/д<br /> Кол-во: 1</p>

<p>Паспорт: Златоуст, 30 лет Победы пр-т, в центр слева, 300м до МЖК у опоры №15<br /> Коэф. GRP: н/д<br /> Кол-во: 1</p>

<p>Паспорт: Златоуст, 30 лет Победы пр-т, в центр справа, 300м до МЖК напротив опоры №15<br /> Коэф. GRP: н/д<br /> Кол-во: 1</p>

<p>Паспорт: Златоуст, 30 лет Победы пр-т, в центр справа, 300м до МЖК напротив опоры №15<br /> Коэф. GRP: н/д<br /> Кол-во: 1</p>

<p>Паспорт: Златоуст, 30 лет Победы пр-т, у Городской Администрации<br /> Коэф. GRP: н/д<br /> Кол-во: 1</p>

<p>Паспорт: Златоуст, 30 лет Победы пр-т, у Городской Администрации<br /> Коэф. GRP: н/д<br /> Кол-во: 1</p>

<p>Паспорт: Златоуст, 30 лет Победы пр-т, у МЖК напротив опоры №13<br /> Коэф. GRP: н/д<br /> Кол-во: 1</p>

<p>Паспорт: Златоуст, 30 лет Победы пр-т, у МЖК напротив опоры №13<br /> Коэф. GRP: н/д<br /> Кол-во: 1</p>

<p>Паспорт: Челябинск, 40 лет Победы ул. - Бр.Кашириных ул., 114 (3-х стор.)<br /> Коэф. GRP: 0,63<br /> Кол-во: 1</p>

<p>Паспорт: Челябинск, 40 лет Победы ул. - пр. Победы, 384<br /> Коэф. GRP: 1,16<br /> Кол-во: 1</p>

<p><a href="http://karus.simplemedia.ru/admin/order/order/45/"><strong>Ссылка на заказ №45</strong></a></p>
-------------------------------------------------------------------------------
