Content-Type: text/html; charset="utf-8"
MIME-Version: 1.0
Content-Transfer-Encoding: 8bit
Subject: =?utf-8?b?0JfQsNC60LDQtyDQvdCwINGB0LDQudGC0LUgd3d3LmthcnVzLnJ1?=
From: 2233@mail.ru
To: 2233@mail.ru
Date: Fri, 03 Feb 2017 06:57:07 -0000
Message-ID: <20170203065707.10855.15523@archisf-LENOVO-G780>


<h1>Заказ номер: 45</h1>
<p><strong>Покупатель:</strong></p>
<p>Ф.И.О.: Иванов Иван Иванович<br /> Компания: Иванов Лимитед<br /> Email: 2233@mail.ru<br /> Телефон: +79999999999</p>
<p><strong>Даты размещения:</strong></p>
<p>Дата начала размещения: 3 февраля 2017 г.<br /> Дата окончания размещения: 28 апреля 2017 г.</p>
<p><strong>Список покупок:</strong></p>

<p>Паспорт: Челябинск, Энгельса ул., 83 - ул. Курчатова<br /> GID: CH0003-0141-01<br /> Кол-во: 1</p>

<p>Паспорт: Челябинск, 1 - й Пятилетки ул. - ул. Артиллерийская<br /> GID: CH0001-0001-01<br /> Кол-во: 1</p>

<p>Паспорт: Челябинск, 1 - й Пятилетки ул. - ул. Артиллерийская<br /> GID: CH0001-0001-02<br /> Кол-во: 1</p>

<p>Паспорт: Челябинск, 1 - й Пятилетки ул., 37, 100 м от ул. Горького<br /> GID: CH0001-0465-01<br /> Кол-во: 1</p>

<p>Паспорт: Челябинск, 1 - й Пятилетки ул., 37, 100 м от ул. Горького<br /> GID: CH0001-0465-02<br /> Кол-во: 1</p>

<p>Паспорт: Челябинск, 1 - й Пятилетки ул., 41<br /> GID: CH0001-0466-01<br /> Кол-во: 1</p>

<p>Паспорт: Челябинск, 1 - й Пятилетки ул., 41<br /> GID: CH0001-0466-02<br /> Кол-во: 1</p>

<p>Паспорт: Челябинск, 1 - й Пятилетки ул., 55, 100 м до ул. Артиллерийской<br /> GID: CH0001-0467-01<br /> Кол-во: 1</p>

<p>Паспорт: Челябинск, 1 - й Пятилетки ул., 55, 100 м до ул. Артиллерийской<br /> GID: CH0001-0467-02<br /> Кол-во: 1</p>

<p>Паспорт: Чебаркуль, 1 Мая ул. - ул. Мира<br /> GID: CB0001-0001-01<br /> Кол-во: 1</p>

<p>Паспорт: Чебаркуль, 1 Мая ул. - ул. Мира<br /> GID: CB0001-0001-02<br /> Кол-во: 1</p>

<p>Паспорт: Златоуст, 2-я Нижнезаводская ул., 57, рынок С-Западный<br /> GID: ZL0001-0001-01<br /> Кол-во: 1</p>

<p>Паспорт: Златоуст, 2-я Нижнезаводская ул., 57, рынок С-Западный<br /> GID: ZL0001-0001-02<br /> Кол-во: 1</p>

<p>Паспорт: Златоуст, 30 лет Победы пр-т - пр. Гагарина, у автошколы<br /> GID: ZL0001-0006-02<br /> Кол-во: 1</p>

<p>Паспорт: Златоуст, 30 лет Победы пр-т - пр. Гагарина, у автошколы<br /> GID: ZL0001-0006-01<br /> Кол-во: 1</p>

<p>Паспорт: Златоуст, 30 лет Победы пр-т у Городской Администрации напротив опоры №52<br /> GID: ZL0001-0003-01<br /> Кол-во: 1</p>

<p>Паспорт: Златоуст, 30 лет Победы пр-т у Городской Администрации напротив опоры №52<br /> GID: ZL0001-0003-02<br /> Кол-во: 1</p>

<p>Паспорт: Златоуст, 30 лет Победы пр-т, в центр слева, 200м до гостиницы Таганай у опоры №3<br /> GID: ZL0001-0032-01<br /> Кол-во: 1</p>

<p>Паспорт: Златоуст, 30 лет Победы пр-т, в центр слева, 200м до гостиницы Таганай у опоры №3<br /> GID: ZL0001-0032-02<br /> Кол-во: 1</p>

<p>Паспорт: Златоуст, 30 лет Победы пр-т, в центр слева, 300м до гостиницы Таганай у опоры №5<br /> GID: ZL0001-0005-01<br /> Кол-во: 1</p>

<p>Паспорт: Златоуст, 30 лет Победы пр-т, в центр слева, 300м до гостиницы Таганай у опоры №5<br /> GID: ZL0001-0005-02<br /> Кол-во: 1</p>

<p>Паспорт: Златоуст, 30 лет Победы пр-т, в центр слева, 300м до МЖК у опоры №15<br /> GID: ZL0001-0004-01<br /> Кол-во: 1</p>

<p>Паспорт: Златоуст, 30 лет Победы пр-т, в центр слева, 300м до МЖК у опоры №15<br /> GID: ZL0001-0004-02<br /> Кол-во: 1</p>

<p>Паспорт: Златоуст, 30 лет Победы пр-т, в центр справа, 300м до МЖК напротив опоры №15<br /> GID: ZL0001-0035-01<br /> Кол-во: 1</p>

<p>Паспорт: Златоуст, 30 лет Победы пр-т, в центр справа, 300м до МЖК напротив опоры №15<br /> GID: ZL0001-0035-02<br /> Кол-во: 1</p>

<p>Паспорт: Златоуст, 30 лет Победы пр-т, у Городской Администрации<br /> GID: ZL0001-0002-01<br /> Кол-во: 1</p>

<p>Паспорт: Златоуст, 30 лет Победы пр-т, у Городской Администрации<br /> GID: ZL0001-0002-02<br /> Кол-во: 1</p>

<p>Паспорт: Златоуст, 30 лет Победы пр-т, у МЖК напротив опоры №13<br /> GID: ZL0001-0033-01<br /> Кол-во: 1</p>

<p>Паспорт: Златоуст, 30 лет Победы пр-т, у МЖК напротив опоры №13<br /> GID: ZL0001-0033-02<br /> Кол-во: 1</p>

<p>Паспорт: Челябинск, 40 лет Победы ул. - Бр.Кашириных ул., 114 (3-х стор.)<br /> GID: CH0001-0181-03<br /> Кол-во: 1</p>

<p>Паспорт: Челябинск, 40 лет Победы ул. - пр. Победы, 384<br /> GID: CH0001-0468-01<br /> Кол-во: 1</p>

-------------------------------------------------------------------------------
