Content-Type: text/html; charset="utf-8"
MIME-Version: 1.0
Content-Transfer-Encoding: 8bit
Subject: =?utf-8?b?0JfQsNC60LDQtyDQvdCwINGB0LDQudGC0LUgd3d3LmthcnVzLnJ1?=
From: 2233@mail.ru
To: mail@mail.mail
Date: Thu, 02 Feb 2017 17:31:45 -0000
Message-ID: <20170202173145.4298.46940@archisf-LENOVO-G780>


<h1>Заказ номер: 42</h1>
<p><strong>Покупатель:</strong></p>
<p>Ф.И.О.: Иванов Иван Иванович<br /> Компания: Иванов Лимитед<br /> Email: mail@mail.mail<br /> Телефон: +79999999999</p>
<p><strong>Даты размещения:</strong></p>
<p>Дата начала размещения: 2 февраля 2017 г.<br /> Дата окончания размещения: 28 февраля 2017 г.</p>
<p><strong>Список покупок:</strong></p>

<p>Паспорт: Челябинск, 1 - й Пятилетки ул. - ул. Артиллерийская<br /> GID: CH0001-0001-01<br /> Кол-во: 1</p>

<p>Паспорт: Челябинск, 1 - й Пятилетки ул. - ул. Артиллерийская<br /> GID: CH0001-0001-02<br /> Кол-во: 1</p>

<p>Паспорт: Челябинск, 1 - й Пятилетки ул., 37, 100 м от ул. Горького<br /> GID: CH0001-0465-02<br /> Кол-во: 1</p>

<p>Паспорт: Челябинск, 1 - й Пятилетки ул., 37, 100 м от ул. Горького<br /> GID: CH0001-0465-01<br /> Кол-во: 1</p>

<p>Паспорт: Челябинск, 1 - й Пятилетки ул., 41<br /> GID: CH0001-0466-01<br /> Кол-во: 1</p>

<p>Паспорт: Челябинск, 1 - й Пятилетки ул., 41<br /> GID: CH0001-0466-02<br /> Кол-во: 1</p>

<p>Паспорт: Челябинск, 1 - й Пятилетки ул., 55, 100 м до ул. Артиллерийской<br /> GID: CH0001-0467-01<br /> Кол-во: 1</p>

<p>Паспорт: Челябинск, 1 - й Пятилетки ул., 55, 100 м до ул. Артиллерийской<br /> GID: CH0001-0467-02<br /> Кол-во: 1</p>

-------------------------------------------------------------------------------
Content-Type: text/html; charset="utf-8"
MIME-Version: 1.0
Content-Transfer-Encoding: 8bit
Subject: =?utf-8?b?0JfQsNC60LDQtyDQvdCwINGB0LDQudGC0LUgd3d3LmthcnVzLnJ1?=
From: 2233@mail.ru
To: 2233@mail.ru
Date: Thu, 02 Feb 2017 17:31:45 -0000
Message-ID: <20170202173145.4298.35210@archisf-LENOVO-G780>


<h1>Заказ номер: 42</h1>
<p><strong>Покупатель:</strong></p>
<p>Ф.И.О.: Иванов Иван Иванович<br /> Компания: Иванов Лимитед<br /> Email: mail@mail.mail<br /> Телефон: +79999999999</p>
<p><strong>Даты размещения:</strong></p>
<p>Дата начала размещения: 2 февраля 2017 г.<br /> Дата окончания размещения: 28 февраля 2017 г.</p>
<p><strong>Список паспортов:</strong></p>

<p>Паспорт: Челябинск, 1 - й Пятилетки ул. - ул. Артиллерийская<br /> Коэф. GRP: 2.98<br /> Кол-во: 1</p>

<p>Паспорт: Челябинск, 1 - й Пятилетки ул. - ул. Артиллерийская<br /> Коэф. GRP: 1,73<br /> Кол-во: 1</p>

<p>Паспорт: Челябинск, 1 - й Пятилетки ул., 37, 100 м от ул. Горького<br /> Коэф. GRP: 1,49<br /> Кол-во: 1</p>

<p>Паспорт: Челябинск, 1 - й Пятилетки ул., 37, 100 м от ул. Горького<br /> Коэф. GRP: 3,82<br /> Кол-во: 1</p>

<p>Паспорт: Челябинск, 1 - й Пятилетки ул., 41<br /> Коэф. GRP: 1,56<br /> Кол-во: 1</p>

<p>Паспорт: Челябинск, 1 - й Пятилетки ул., 41<br /> Коэф. GRP: 1,5<br /> Кол-во: 1</p>

<p>Паспорт: Челябинск, 1 - й Пятилетки ул., 55, 100 м до ул. Артиллерийской<br /> Коэф. GRP: 1,54<br /> Кол-во: 1</p>

<p>Паспорт: Челябинск, 1 - й Пятилетки ул., 55, 100 м до ул. Артиллерийской<br /> Коэф. GRP: 1,47<br /> Кол-во: 1</p>

<p><a href="http://karus.simplemedia.ru/admin/order/order/42/"><strong>Ссылка на заказ №42</strong></a></p>
-------------------------------------------------------------------------------
